[2025-09-20T12:14:00.440Z] WEBHOOK EVENT
{
  "id": "WH-77687562XN25889J8-8Y6T55435R66168T6",
  "create_time": "2018-19-12T22:20:32.000Z",
  "event_type": "BILLING.SUBSCRIPTION.ACTIVATED",
  "event_version": "1.0",
  "resource_type": "subscription",
  "resource_version": "2.0",
  "summary": "A billing agreement was activated.",
  "resource": {
    "id": "I-BW452GLLEP1G",
    "status": "ACTIVE",
    "status_update_time": "2018-12-10T21:20:49Z",
    "plan_id": "P-5ML4271244454362WXNWU5NQ",
    "start_time": "2018-11-01T00:00:00Z",
    "quantity": "20",
    "shipping_amount": {
      "currency_code": "USD",
      "value": "10.00"
    },
    "subscriber": {
      "name": {
        "given_name": "John",
        "surname": "Doe"
      },
      "email_address": "customer@example.com",
      "shipping_address": {
        "name": {
          "full_name": "John Doe"
        },
        "address": {
          "address_line_1": "2211 N First Street",
          "address_line_2": "Building 17",
          "admin_area_2": "San Jose",
          "admin_area_1": "CA",
          "postal_code": "95131",
          "country_code": "US"
        }
      }
    },
    "auto_renewal": true,
    "billing_info": {
      "outstanding_balance": {
        "currency_code": "USD",
        "value": "10.00"
      },
      "cycle_executions": [
        {
          "tenure_type": "TRIAL",
          "sequence": 1,
          "cycles_completed": 1,
          "cycles_remaining": 0,
          "current_pricing_scheme_version": 1
        },
        {
          "tenure_type": "REGULAR",
          "sequence": 2,
          "cycles_completed": 1,
          "cycles_remaining": 0,
          "current_pricing_scheme_version": 2
        }
      ],
      "last_payment": {
        "amount": {
          "currency_code": "USD",
          "value": "500.00"
        },
        "time": "2018-12-01T01:20:49Z"
      },
      "next_billing_time": "2019-01-01T00:20:49Z",
      "final_payment_time": "2020-01-01T00:20:49Z",
      "failed_payments_count": 2
    },
    "create_time": "2018-12-10T21:20:49Z",
    "update_time": "2018-12-10T21:20:49Z",
    "links": [
      {
        "href": "https://api.paypal.com/v1/billing/subscriptions/I-BW452GLLEP1G",
        "rel": "self",
        "method": "GET"
      },
      {
        "href": "https://api.paypal.com/v1/billing/subscriptions/I-BW452GLLEP1G",
        "rel": "edit",
        "method": "PATCH"
      },
      {
        "href": "https://api.paypal.com/v1/billing/subscriptions/I-BW452GLLEP1G/suspend",
        "rel": "suspend",
        "method": "POST"
      },
      {
        "href": "https://api.paypal.com/v1/billing/subscriptions/I-BW452GLLEP1G/cancel",
        "rel": "cancel",
        "method": "POST"
      },
      {
        "href": "https://api.paypal.com/v1/billing/subscriptions/I-BW452GLLEP1G/capture",
        "rel": "capture",
        "method": "POST"
      }
    ]
  },
  "links": [
    {
      "href": "https://api.paypal.com/v1/notifications/webhooks-events/WH-77687562XN25889J8-8Y6T55435R66168T6",
      "rel": "self",
      "method": "GET"
    },
    {
      "href": "https://api.paypal.com/v1/notifications/webhooks-events/WH-77687562XN25889J8-8Y6T55435R66168T6/resend",
      "rel": "resend",
      "method": "POST"
    }
  ]
}

[2025-09-20T12:14:00.444Z] WEBHOOK ERROR
{
  "error": "BASE is not defined"
}

[2025-09-21T04:03:47.467Z] WEBHOOK EVENT
{
  "id": "WH-77687562XN25889J8-8Y6T55435R66168T6",
  "create_time": "2018-19-12T22:20:32.000Z",
  "event_type": "BILLING.SUBSCRIPTION.ACTIVATED",
  "event_version": "1.0",
  "resource_type": "subscription",
  "resource_version": "2.0",
  "summary": "A billing agreement was activated.",
  "resource": {
    "id": "I-BW452GLLEP1G",
    "status": "ACTIVE",
    "status_update_time": "2018-12-10T21:20:49Z",
    "plan_id": "P-5ML4271244454362WXNWU5NQ",
    "start_time": "2018-11-01T00:00:00Z",
    "quantity": "20",
    "shipping_amount": {
      "currency_code": "USD",
      "value": "10.00"
    },
    "subscriber": {
      "name": {
        "given_name": "John",
        "surname": "Doe"
      },
      "email_address": "customer@example.com",
      "shipping_address": {
        "name": {
          "full_name": "John Doe"
        },
        "address": {
          "address_line_1": "2211 N First Street",
          "address_line_2": "Building 17",
          "admin_area_2": "San Jose",
          "admin_area_1": "CA",
          "postal_code": "95131",
          "country_code": "US"
        }
      }
    },
    "auto_renewal": true,
    "billing_info": {
      "outstanding_balance": {
        "currency_code": "USD",
        "value": "10.00"
      },
      "cycle_executions": [
        {
          "tenure_type": "TRIAL",
          "sequence": 1,
          "cycles_completed": 1,
          "cycles_remaining": 0,
          "current_pricing_scheme_version": 1
        },
        {
          "tenure_type": "REGULAR",
          "sequence": 2,
          "cycles_completed": 1,
          "cycles_remaining": 0,
          "current_pricing_scheme_version": 2
        }
      ],
      "last_payment": {
        "amount": {
          "currency_code": "USD",
          "value": "500.00"
        },
        "time": "2018-12-01T01:20:49Z"
      },
      "next_billing_time": "2019-01-01T00:20:49Z",
      "final_payment_time": "2020-01-01T00:20:49Z",
      "failed_payments_count": 2
    },
    "create_time": "2018-12-10T21:20:49Z",
    "update_time": "2018-12-10T21:20:49Z",
    "links": [
      {
        "href": "https://api.paypal.com/v1/billing/subscriptions/I-BW452GLLEP1G",
        "rel": "self",
        "method": "GET"
      },
      {
        "href": "https://api.paypal.com/v1/billing/subscriptions/I-BW452GLLEP1G",
        "rel": "edit",
        "method": "PATCH"
      },
      {
        "href": "https://api.paypal.com/v1/billing/subscriptions/I-BW452GLLEP1G/suspend",
        "rel": "suspend",
        "method": "POST"
      },
      {
        "href": "https://api.paypal.com/v1/billing/subscriptions/I-BW452GLLEP1G/cancel",
        "rel": "cancel",
        "method": "POST"
      },
      {
        "href": "https://api.paypal.com/v1/billing/subscriptions/I-BW452GLLEP1G/capture",
        "rel": "capture",
        "method": "POST"
      }
    ]
  },
  "links": [
    {
      "href": "https://api.paypal.com/v1/notifications/webhooks-events/WH-77687562XN25889J8-8Y6T55435R66168T6",
      "rel": "self",
      "method": "GET"
    },
    {
      "href": "https://api.paypal.com/v1/notifications/webhooks-events/WH-77687562XN25889J8-8Y6T55435R66168T6/resend",
      "rel": "resend",
      "method": "POST"
    }
  ]
}

[2025-09-21T04:03:47.477Z] WEBHOOK ERROR
{
  "error": "BASE is not defined"
}

[2025-09-21T04:04:14.487Z] WEBHOOK EVENT
{
  "id": "WH-77687562XN25889J8-8Y6T55435R66168T6",
  "create_time": "2018-19-12T22:20:32.000Z",
  "event_type": "BILLING.SUBSCRIPTION.ACTIVATED",
  "event_version": "1.0",
  "resource_type": "subscription",
  "resource_version": "2.0",
  "summary": "A billing agreement was activated.",
  "resource": {
    "id": "I-BW452GLLEP1G",
    "status": "ACTIVE",
    "status_update_time": "2018-12-10T21:20:49Z",
    "plan_id": "P-5ML4271244454362WXNWU5NQ",
    "start_time": "2018-11-01T00:00:00Z",
    "quantity": "20",
    "shipping_amount": {
      "currency_code": "USD",
      "value": "10.00"
    },
    "subscriber": {
      "name": {
        "given_name": "John",
        "surname": "Doe"
      },
      "email_address": "customer@example.com",
      "shipping_address": {
        "name": {
          "full_name": "John Doe"
        },
        "address": {
          "address_line_1": "2211 N First Street",
          "address_line_2": "Building 17",
          "admin_area_2": "San Jose",
          "admin_area_1": "CA",
          "postal_code": "95131",
          "country_code": "US"
        }
      }
    },
    "auto_renewal": true,
    "billing_info": {
      "outstanding_balance": {
        "currency_code": "USD",
        "value": "10.00"
      },
      "cycle_executions": [
        {
          "tenure_type": "TRIAL",
          "sequence": 1,
          "cycles_completed": 1,
          "cycles_remaining": 0,
          "current_pricing_scheme_version": 1
        },
        {
          "tenure_type": "REGULAR",
          "sequence": 2,
          "cycles_completed": 1,
          "cycles_remaining": 0,
          "current_pricing_scheme_version": 2
        }
      ],
      "last_payment": {
        "amount": {
          "currency_code": "USD",
          "value": "500.00"
        },
        "time": "2018-12-01T01:20:49Z"
      },
      "next_billing_time": "2019-01-01T00:20:49Z",
      "final_payment_time": "2020-01-01T00:20:49Z",
      "failed_payments_count": 2
    },
    "create_time": "2018-12-10T21:20:49Z",
    "update_time": "2018-12-10T21:20:49Z",
    "links": [
      {
        "href": "https://api.paypal.com/v1/billing/subscriptions/I-BW452GLLEP1G",
        "rel": "self",
        "method": "GET"
      },
      {
        "href": "https://api.paypal.com/v1/billing/subscriptions/I-BW452GLLEP1G",
        "rel": "edit",
        "method": "PATCH"
      },
      {
        "href": "https://api.paypal.com/v1/billing/subscriptions/I-BW452GLLEP1G/suspend",
        "rel": "suspend",
        "method": "POST"
      },
      {
        "href": "https://api.paypal.com/v1/billing/subscriptions/I-BW452GLLEP1G/cancel",
        "rel": "cancel",
        "method": "POST"
      },
      {
        "href": "https://api.paypal.com/v1/billing/subscriptions/I-BW452GLLEP1G/capture",
        "rel": "capture",
        "method": "POST"
      }
    ]
  },
  "links": [
    {
      "href": "https://api.paypal.com/v1/notifications/webhooks-events/WH-77687562XN25889J8-8Y6T55435R66168T6",
      "rel": "self",
      "method": "GET"
    },
    {
      "href": "https://api.paypal.com/v1/notifications/webhooks-events/WH-77687562XN25889J8-8Y6T55435R66168T6/resend",
      "rel": "resend",
      "method": "POST"
    }
  ]
}

[2025-09-21T04:04:14.490Z] WEBHOOK ERROR
{
  "error": "BASE is not defined"
}

[2025-09-21T04:05:26.493Z] WEBHOOK EVENT
{
  "id": "WH-77687562XN25889J8-8Y6T55435R66168T6",
  "create_time": "2018-19-12T22:20:32.000Z",
  "event_type": "BILLING.SUBSCRIPTION.ACTIVATED",
  "event_version": "1.0",
  "resource_type": "subscription",
  "resource_version": "2.0",
  "summary": "A billing agreement was activated.",
  "resource": {
    "id": "I-BW452GLLEP1G",
    "status": "ACTIVE",
    "status_update_time": "2018-12-10T21:20:49Z",
    "plan_id": "P-5ML4271244454362WXNWU5NQ",
    "start_time": "2018-11-01T00:00:00Z",
    "quantity": "20",
    "shipping_amount": {
      "currency_code": "USD",
      "value": "10.00"
    },
    "subscriber": {
      "name": {
        "given_name": "John",
        "surname": "Doe"
      },
      "email_address": "customer@example.com",
      "shipping_address": {
        "name": {
          "full_name": "John Doe"
        },
        "address": {
          "address_line_1": "2211 N First Street",
          "address_line_2": "Building 17",
          "admin_area_2": "San Jose",
          "admin_area_1": "CA",
          "postal_code": "95131",
          "country_code": "US"
        }
      }
    },
    "auto_renewal": true,
    "billing_info": {
      "outstanding_balance": {
        "currency_code": "USD",
        "value": "10.00"
      },
      "cycle_executions": [
        {
          "tenure_type": "TRIAL",
          "sequence": 1,
          "cycles_completed": 1,
          "cycles_remaining": 0,
          "current_pricing_scheme_version": 1
        },
        {
          "tenure_type": "REGULAR",
          "sequence": 2,
          "cycles_completed": 1,
          "cycles_remaining": 0,
          "current_pricing_scheme_version": 2
        }
      ],
      "last_payment": {
        "amount": {
          "currency_code": "USD",
          "value": "500.00"
        },
        "time": "2018-12-01T01:20:49Z"
      },
      "next_billing_time": "2019-01-01T00:20:49Z",
      "final_payment_time": "2020-01-01T00:20:49Z",
      "failed_payments_count": 2
    },
    "create_time": "2018-12-10T21:20:49Z",
    "update_time": "2018-12-10T21:20:49Z",
    "links": [
      {
        "href": "https://api.paypal.com/v1/billing/subscriptions/I-BW452GLLEP1G",
        "rel": "self",
        "method": "GET"
      },
      {
        "href": "https://api.paypal.com/v1/billing/subscriptions/I-BW452GLLEP1G",
        "rel": "edit",
        "method": "PATCH"
      },
      {
        "href": "https://api.paypal.com/v1/billing/subscriptions/I-BW452GLLEP1G/suspend",
        "rel": "suspend",
        "method": "POST"
      },
      {
        "href": "https://api.paypal.com/v1/billing/subscriptions/I-BW452GLLEP1G/cancel",
        "rel": "cancel",
        "method": "POST"
      },
      {
        "href": "https://api.paypal.com/v1/billing/subscriptions/I-BW452GLLEP1G/capture",
        "rel": "capture",
        "method": "POST"
      }
    ]
  },
  "links": [
    {
      "href": "https://api.paypal.com/v1/notifications/webhooks-events/WH-77687562XN25889J8-8Y6T55435R66168T6",
      "rel": "self",
      "method": "GET"
    },
    {
      "href": "https://api.paypal.com/v1/notifications/webhooks-events/WH-77687562XN25889J8-8Y6T55435R66168T6/resend",
      "rel": "resend",
      "method": "POST"
    }
  ]
}

[2025-09-21T04:05:27.617Z] SUBSCRIPTION FETCH
{
  "name": "RESOURCE_NOT_FOUND",
  "message": "The specified resource does not exist.",
  "debug_id": "f9703074bbdb6",
  "details": [
    {
      "issue": "INVALID_RESOURCE_ID",
      "description": "Requested resource ID was not found."
    }
  ],
  "links": [
    {
      "href": "https://developer.paypal.com/docs/api/v1/billing/subscriptions#RESOURCE_NOT_FOUND",
      "rel": "information_link",
      "method": "GET"
    }
  ]
}

[2025-09-21T04:09:19.637Z] WEBHOOK EVENT
{
  "id": "WH-2WR32451HC0233532-67976317FL4543714",
  "event_version": "1.0",
  "create_time": "2014-10-23T17:23:52Z",
  "resource_type": "sale",
  "event_type": "PAYMENT.SALE.COMPLETED",
  "summary": "A successful sale payment was made for $ 0.48 USD",
  "resource": {
    "id": "80021663DE681814L",
    "create_time": "2014-10-23T17:22:56Z",
    "update_time": "2014-10-23T17:23:04Z",
    "amount": {
      "total": "0.48",
      "currency": "USD"
    },
    "payment_mode": "ECHECK",
    "state": "completed",
    "protection_eligibility": "ELIGIBLE",
    "protection_eligibility_type": "ITEM_NOT_RECEIVED_ELIGIBLE,UNAUTHORIZED_PAYMENT_ELIGIBLE",
    "clearing_time": "2014-10-30T07:00:00Z",
    "parent_payment": "PAY-1PA12106FU478450MKRETS4A",
    "links": [
      {
        "href": "https://api.paypal.com/v1/payments/sale/80021663DE681814L",
        "rel": "self",
        "method": "GET"
      },
      {
        "href": "https://api.paypal.com/v1/payments/sale/80021663DE681814L/refund",
        "rel": "refund",
        "method": "POST"
      },
      {
        "href": "https://api.paypal.com/v1/payments/payment/PAY-1PA12106FU478450MKRETS4A",
        "rel": "parent_payment",
        "method": "GET"
      }
    ]
  },
  "links": [
    {
      "href": "https://api.paypal.com/v1/notifications/webhooks-events/WH-2WR32451HC0233532-67976317FL4543714",
      "rel": "self",
      "method": "GET"
    },
    {
      "href": "https://api.paypal.com/v1/notifications/webhooks-events/WH-2WR32451HC0233532-67976317FL4543714/resend",
      "rel": "resend",
      "method": "POST"
    }
  ]
}

[2025-09-21T04:09:20.452Z] SUBSCRIPTION FETCH
{
  "name": "INVALID_REQUEST",
  "message": "Request is not well-formed, syntactically incorrect, or violates schema.",
  "debug_id": "f192670481ee1",
  "details": [
    {
      "field": "",
      "value": "80021663DE681814L",
      "location": "query",
      "issue": "INVALID_PARAMETER_SYNTAX",
      "description": "The value of a field does not conform to the expected format."
    }
  ],
  "links": [
    {
      "href": "https://developer.paypal.com/docs/api/v1/billing/subscriptions#INVALID_REQUEST",
      "rel": "information_link",
      "method": "GET"
    }
  ]
}

[2025-09-21T04:14:42.005Z] WEBHOOK EVENT
{
  "id": "WH-2WR32451HC0233532-67976317FL4543714",
  "event_version": "1.0",
  "create_time": "2014-10-23T17:23:52Z",
  "resource_type": "sale",
  "event_type": "PAYMENT.SALE.COMPLETED",
  "summary": "A successful sale payment was made for $ 0.48 USD",
  "resource": {
    "id": "80021663DE681814L",
    "create_time": "2014-10-23T17:22:56Z",
    "update_time": "2014-10-23T17:23:04Z",
    "amount": {
      "total": "0.48",
      "currency": "USD"
    },
    "payment_mode": "ECHECK",
    "state": "completed",
    "protection_eligibility": "ELIGIBLE",
    "protection_eligibility_type": "ITEM_NOT_RECEIVED_ELIGIBLE,UNAUTHORIZED_PAYMENT_ELIGIBLE",
    "clearing_time": "2014-10-30T07:00:00Z",
    "parent_payment": "PAY-1PA12106FU478450MKRETS4A",
    "links": [
      {
        "href": "https://api.paypal.com/v1/payments/sale/80021663DE681814L",
        "rel": "self",
        "method": "GET"
      },
      {
        "href": "https://api.paypal.com/v1/payments/sale/80021663DE681814L/refund",
        "rel": "refund",
        "method": "POST"
      },
      {
        "href": "https://api.paypal.com/v1/payments/payment/PAY-1PA12106FU478450MKRETS4A",
        "rel": "parent_payment",
        "method": "GET"
      }
    ]
  },
  "links": [
    {
      "href": "https://api.paypal.com/v1/notifications/webhooks-events/WH-2WR32451HC0233532-67976317FL4543714",
      "rel": "self",
      "method": "GET"
    },
    {
      "href": "https://api.paypal.com/v1/notifications/webhooks-events/WH-2WR32451HC0233532-67976317FL4543714/resend",
      "rel": "resend",
      "method": "POST"
    }
  ]
}

[2025-09-21T04:14:46.177Z] SUBSCRIPTION FETCH
{
  "name": "INVALID_REQUEST",
  "message": "Request is not well-formed, syntactically incorrect, or violates schema.",
  "debug_id": "f19116895c6fb",
  "details": [
    {
      "field": "",
      "value": "80021663DE681814L",
      "location": "query",
      "issue": "INVALID_PARAMETER_SYNTAX",
      "description": "The value of a field does not conform to the expected format."
    }
  ],
  "links": [
    {
      "href": "https://developer.paypal.com/docs/api/v1/billing/subscriptions#INVALID_REQUEST",
      "rel": "information_link",
      "method": "GET"
    }
  ]
}

[2025-09-21T04:15:47.534Z] WEBHOOK EVENT
{
  "id": "WH-2WR32451HC0233532-67976317FL4543714",
  "event_version": "1.0",
  "create_time": "2014-10-23T17:23:52Z",
  "resource_type": "sale",
  "event_type": "PAYMENT.SALE.COMPLETED",
  "summary": "A successful sale payment was made for $ 0.48 USD",
  "resource": {
    "id": "80021663DE681814L",
    "create_time": "2014-10-23T17:22:56Z",
    "update_time": "2014-10-23T17:23:04Z",
    "amount": {
      "total": "0.48",
      "currency": "USD"
    },
    "payment_mode": "ECHECK",
    "state": "completed",
    "protection_eligibility": "ELIGIBLE",
    "protection_eligibility_type": "ITEM_NOT_RECEIVED_ELIGIBLE,UNAUTHORIZED_PAYMENT_ELIGIBLE",
    "clearing_time": "2014-10-30T07:00:00Z",
    "parent_payment": "PAY-1PA12106FU478450MKRETS4A",
    "links": [
      {
        "href": "https://api.paypal.com/v1/payments/sale/80021663DE681814L",
        "rel": "self",
        "method": "GET"
      },
      {
        "href": "https://api.paypal.com/v1/payments/sale/80021663DE681814L/refund",
        "rel": "refund",
        "method": "POST"
      },
      {
        "href": "https://api.paypal.com/v1/payments/payment/PAY-1PA12106FU478450MKRETS4A",
        "rel": "parent_payment",
        "method": "GET"
      }
    ]
  },
  "links": [
    {
      "href": "https://api.paypal.com/v1/notifications/webhooks-events/WH-2WR32451HC0233532-67976317FL4543714",
      "rel": "self",
      "method": "GET"
    },
    {
      "href": "https://api.paypal.com/v1/notifications/webhooks-events/WH-2WR32451HC0233532-67976317FL4543714/resend",
      "rel": "resend",
      "method": "POST"
    }
  ]
}

[2025-09-21T04:16:46.275Z] WEBHOOK EVENT
{
  "id": "WH-2WR32451HC0233532-67976317FL4543714",
  "event_version": "1.0",
  "create_time": "2014-10-23T17:23:52Z",
  "resource_type": "sale",
  "event_type": "PAYMENT.SALE.COMPLETED",
  "summary": "A successful sale payment was made for $ 0.48 USD",
  "resource": {
    "id": "80021663DE681814L",
    "create_time": "2014-10-23T17:22:56Z",
    "update_time": "2014-10-23T17:23:04Z",
    "amount": {
      "total": "0.48",
      "currency": "USD"
    },
    "payment_mode": "ECHECK",
    "state": "completed",
    "protection_eligibility": "ELIGIBLE",
    "protection_eligibility_type": "ITEM_NOT_RECEIVED_ELIGIBLE,UNAUTHORIZED_PAYMENT_ELIGIBLE",
    "clearing_time": "2014-10-30T07:00:00Z",
    "parent_payment": "PAY-1PA12106FU478450MKRETS4A",
    "links": [
      {
        "href": "https://api.paypal.com/v1/payments/sale/80021663DE681814L",
        "rel": "self",
        "method": "GET"
      },
      {
        "href": "https://api.paypal.com/v1/payments/sale/80021663DE681814L/refund",
        "rel": "refund",
        "method": "POST"
      },
      {
        "href": "https://api.paypal.com/v1/payments/payment/PAY-1PA12106FU478450MKRETS4A",
        "rel": "parent_payment",
        "method": "GET"
      }
    ]
  },
  "links": [
    {
      "href": "https://api.paypal.com/v1/notifications/webhooks-events/WH-2WR32451HC0233532-67976317FL4543714",
      "rel": "self",
      "method": "GET"
    },
    {
      "href": "https://api.paypal.com/v1/notifications/webhooks-events/WH-2WR32451HC0233532-67976317FL4543714/resend",
      "rel": "resend",
      "method": "POST"
    }
  ]
}

[2025-09-21T04:16:51.030Z] SUBSCRIPTION FETCH
{
  "name": "INVALID_REQUEST",
  "message": "Request is not well-formed, syntactically incorrect, or violates schema.",
  "debug_id": "f9491406979fa",
  "details": [
    {
      "field": "",
      "value": "80021663DE681814L",
      "location": "query",
      "issue": "INVALID_PARAMETER_SYNTAX",
      "description": "The value of a field does not conform to the expected format."
    }
  ],
  "links": [
    {
      "href": "https://developer.paypal.com/docs/api/v1/billing/subscriptions#INVALID_REQUEST",
      "rel": "information_link",
      "method": "GET"
    }
  ]
}

[2025-09-21T04:16:51.177Z] SUBSCRIPTION FETCH
{
  "name": "INVALID_REQUEST",
  "message": "Request is not well-formed, syntactically incorrect, or violates schema.",
  "debug_id": "f9491409cd115",
  "details": [
    {
      "field": "",
      "value": "80021663DE681814L",
      "location": "query",
      "issue": "INVALID_PARAMETER_SYNTAX",
      "description": "The value of a field does not conform to the expected format."
    }
  ],
  "links": [
    {
      "href": "https://developer.paypal.com/docs/api/v1/billing/subscriptions#INVALID_REQUEST",
      "rel": "information_link",
      "method": "GET"
    }
  ]
}

[2025-09-21T04:18:18.432Z] WEBHOOK EVENT
{
  "id": "WH-2WR32451HC0233532-67976317FL4543714",
  "event_version": "1.0",
  "create_time": "2014-10-23T17:23:52Z",
  "resource_type": "sale",
  "event_type": "PAYMENT.SALE.COMPLETED",
  "summary": "A successful sale payment was made for $ 0.48 USD",
  "resource": {
    "id": "80021663DE681814L",
    "create_time": "2014-10-23T17:22:56Z",
    "update_time": "2014-10-23T17:23:04Z",
    "amount": {
      "total": "0.48",
      "currency": "USD"
    },
    "payment_mode": "ECHECK",
    "state": "completed",
    "protection_eligibility": "ELIGIBLE",
    "protection_eligibility_type": "ITEM_NOT_RECEIVED_ELIGIBLE,UNAUTHORIZED_PAYMENT_ELIGIBLE",
    "clearing_time": "2014-10-30T07:00:00Z",
    "parent_payment": "PAY-1PA12106FU478450MKRETS4A",
    "links": [
      {
        "href": "https://api.paypal.com/v1/payments/sale/80021663DE681814L",
        "rel": "self",
        "method": "GET"
      },
      {
        "href": "https://api.paypal.com/v1/payments/sale/80021663DE681814L/refund",
        "rel": "refund",
        "method": "POST"
      },
      {
        "href": "https://api.paypal.com/v1/payments/payment/PAY-1PA12106FU478450MKRETS4A",
        "rel": "parent_payment",
        "method": "GET"
      }
    ]
  },
  "links": [
    {
      "href": "https://api.paypal.com/v1/notifications/webhooks-events/WH-2WR32451HC0233532-67976317FL4543714",
      "rel": "self",
      "method": "GET"
    },
    {
      "href": "https://api.paypal.com/v1/notifications/webhooks-events/WH-2WR32451HC0233532-67976317FL4543714/resend",
      "rel": "resend",
      "method": "POST"
    }
  ]
}

[2025-09-21T04:18:29.628Z] SUBSCRIPTION FETCH
{
  "name": "INVALID_REQUEST",
  "message": "Request is not well-formed, syntactically incorrect, or violates schema.",
  "debug_id": "f7025765c6826",
  "details": [
    {
      "field": "",
      "value": "80021663DE681814L",
      "location": "query",
      "issue": "INVALID_PARAMETER_SYNTAX",
      "description": "The value of a field does not conform to the expected format."
    }
  ],
  "links": [
    {
      "href": "https://developer.paypal.com/docs/api/v1/billing/subscriptions#INVALID_REQUEST",
      "rel": "information_link",
      "method": "GET"
    }
  ]
}

[2025-09-21T04:21:41.122Z] WEBHOOK EVENT
{
  "id": "WH-77687562XN25889J8-8Y6T55435R66168T6",
  "create_time": "2018-19-12T22:20:32.000Z",
  "event_type": "BILLING.SUBSCRIPTION.ACTIVATED",
  "event_version": "1.0",
  "resource_type": "subscription",
  "resource_version": "2.0",
  "summary": "A billing agreement was activated.",
  "resource": {
    "id": "I-BW452GLLEP1G",
    "status": "ACTIVE",
    "status_update_time": "2018-12-10T21:20:49Z",
    "plan_id": "P-5ML4271244454362WXNWU5NQ",
    "start_time": "2018-11-01T00:00:00Z",
    "quantity": "20",
    "shipping_amount": {
      "currency_code": "USD",
      "value": "10.00"
    },
    "subscriber": {
      "name": {
        "given_name": "John",
        "surname": "Doe"
      },
      "email_address": "customer@example.com",
      "shipping_address": {
        "name": {
          "full_name": "John Doe"
        },
        "address": {
          "address_line_1": "2211 N First Street",
          "address_line_2": "Building 17",
          "admin_area_2": "San Jose",
          "admin_area_1": "CA",
          "postal_code": "95131",
          "country_code": "US"
        }
      }
    },
    "auto_renewal": true,
    "billing_info": {
      "outstanding_balance": {
        "currency_code": "USD",
        "value": "10.00"
      },
      "cycle_executions": [
        {
          "tenure_type": "TRIAL",
          "sequence": 1,
          "cycles_completed": 1,
          "cycles_remaining": 0,
          "current_pricing_scheme_version": 1
        },
        {
          "tenure_type": "REGULAR",
          "sequence": 2,
          "cycles_completed": 1,
          "cycles_remaining": 0,
          "current_pricing_scheme_version": 2
        }
      ],
      "last_payment": {
        "amount": {
          "currency_code": "USD",
          "value": "500.00"
        },
        "time": "2018-12-01T01:20:49Z"
      },
      "next_billing_time": "2019-01-01T00:20:49Z",
      "final_payment_time": "2020-01-01T00:20:49Z",
      "failed_payments_count": 2
    },
    "create_time": "2018-12-10T21:20:49Z",
    "update_time": "2018-12-10T21:20:49Z",
    "links": [
      {
        "href": "https://api.paypal.com/v1/billing/subscriptions/I-BW452GLLEP1G",
        "rel": "self",
        "method": "GET"
      },
      {
        "href": "https://api.paypal.com/v1/billing/subscriptions/I-BW452GLLEP1G",
        "rel": "edit",
        "method": "PATCH"
      },
      {
        "href": "https://api.paypal.com/v1/billing/subscriptions/I-BW452GLLEP1G/suspend",
        "rel": "suspend",
        "method": "POST"
      },
      {
        "href": "https://api.paypal.com/v1/billing/subscriptions/I-BW452GLLEP1G/cancel",
        "rel": "cancel",
        "method": "POST"
      },
      {
        "href": "https://api.paypal.com/v1/billing/subscriptions/I-BW452GLLEP1G/capture",
        "rel": "capture",
        "method": "POST"
      }
    ]
  },
  "links": [
    {
      "href": "https://api.paypal.com/v1/notifications/webhooks-events/WH-77687562XN25889J8-8Y6T55435R66168T6",
      "rel": "self",
      "method": "GET"
    },
    {
      "href": "https://api.paypal.com/v1/notifications/webhooks-events/WH-77687562XN25889J8-8Y6T55435R66168T6/resend",
      "rel": "resend",
      "method": "POST"
    }
  ]
}

[2025-09-21T04:21:45.389Z] SUBSCRIPTION FETCH
{
  "name": "RESOURCE_NOT_FOUND",
  "message": "The specified resource does not exist.",
  "debug_id": "f175645c7b4fd",
  "details": [
    {
      "issue": "INVALID_RESOURCE_ID",
      "description": "Requested resource ID was not found."
    }
  ],
  "links": [
    {
      "href": "https://developer.paypal.com/docs/api/v1/billing/subscriptions#RESOURCE_NOT_FOUND",
      "rel": "information_link",
      "method": "GET"
    }
  ]
}

[2025-09-21T05:24:35.855Z] WEBHOOK EVENT
{
  "id": "WH-2WR32451HC0233532-67976317FL4543714",
  "event_version": "1.0",
  "create_time": "2014-10-23T17:23:52Z",
  "resource_type": "sale",
  "event_type": "PAYMENT.SALE.COMPLETED",
  "summary": "A successful sale payment was made for $ 0.48 USD",
  "resource": {
    "id": "80021663DE681814L",
    "create_time": "2014-10-23T17:22:56Z",
    "update_time": "2014-10-23T17:23:04Z",
    "amount": {
      "total": "0.48",
      "currency": "USD"
    },
    "payment_mode": "ECHECK",
    "state": "completed",
    "protection_eligibility": "ELIGIBLE",
    "protection_eligibility_type": "ITEM_NOT_RECEIVED_ELIGIBLE,UNAUTHORIZED_PAYMENT_ELIGIBLE",
    "clearing_time": "2014-10-30T07:00:00Z",
    "parent_payment": "PAY-1PA12106FU478450MKRETS4A",
    "links": [
      {
        "href": "https://api.paypal.com/v1/payments/sale/80021663DE681814L",
        "rel": "self",
        "method": "GET"
      },
      {
        "href": "https://api.paypal.com/v1/payments/sale/80021663DE681814L/refund",
        "rel": "refund",
        "method": "POST"
      },
      {
        "href": "https://api.paypal.com/v1/payments/payment/PAY-1PA12106FU478450MKRETS4A",
        "rel": "parent_payment",
        "method": "GET"
      }
    ]
  },
  "links": [
    {
      "href": "https://api.paypal.com/v1/notifications/webhooks-events/WH-2WR32451HC0233532-67976317FL4543714",
      "rel": "self",
      "method": "GET"
    },
    {
      "href": "https://api.paypal.com/v1/notifications/webhooks-events/WH-2WR32451HC0233532-67976317FL4543714/resend",
      "rel": "resend",
      "method": "POST"
    }
  ]
}

[2025-09-21T05:24:40.422Z] SUBSCRIPTION FETCH
{
  "name": "INVALID_REQUEST",
  "message": "Request is not well-formed, syntactically incorrect, or violates schema.",
  "debug_id": "f417358c4ade4",
  "details": [
    {
      "field": "",
      "value": "80021663DE681814L",
      "location": "query",
      "issue": "INVALID_PARAMETER_SYNTAX",
      "description": "The value of a field does not conform to the expected format."
    }
  ],
  "links": [
    {
      "href": "https://developer.paypal.com/docs/api/v1/billing/subscriptions#INVALID_REQUEST",
      "rel": "information_link",
      "method": "GET"
    }
  ]
}

[2025-09-21T05:39:17.852Z] WEBHOOK EVENT
{
  "id": "WH-2WR32451HC0233532-67976317FL4543714",
  "event_version": "1.0",
  "create_time": "2014-10-23T17:23:52Z",
  "resource_type": "sale",
  "event_type": "PAYMENT.SALE.COMPLETED",
  "summary": "A successful sale payment was made for $ 0.48 USD",
  "resource": {
    "id": "80021663DE681814L",
    "create_time": "2014-10-23T17:22:56Z",
    "update_time": "2014-10-23T17:23:04Z",
    "amount": {
      "total": "0.48",
      "currency": "USD"
    },
    "payment_mode": "ECHECK",
    "state": "completed",
    "protection_eligibility": "ELIGIBLE",
    "protection_eligibility_type": "ITEM_NOT_RECEIVED_ELIGIBLE,UNAUTHORIZED_PAYMENT_ELIGIBLE",
    "clearing_time": "2014-10-30T07:00:00Z",
    "parent_payment": "PAY-1PA12106FU478450MKRETS4A",
    "links": [
      {
        "href": "https://api.paypal.com/v1/payments/sale/80021663DE681814L",
        "rel": "self",
        "method": "GET"
      },
      {
        "href": "https://api.paypal.com/v1/payments/sale/80021663DE681814L/refund",
        "rel": "refund",
        "method": "POST"
      },
      {
        "href": "https://api.paypal.com/v1/payments/payment/PAY-1PA12106FU478450MKRETS4A",
        "rel": "parent_payment",
        "method": "GET"
      }
    ]
  },
  "links": [
    {
      "href": "https://api.paypal.com/v1/notifications/webhooks-events/WH-2WR32451HC0233532-67976317FL4543714",
      "rel": "self",
      "method": "GET"
    },
    {
      "href": "https://api.paypal.com/v1/notifications/webhooks-events/WH-2WR32451HC0233532-67976317FL4543714/resend",
      "rel": "resend",
      "method": "POST"
    }
  ]
}

[2025-09-21T05:39:21.475Z] WEBHOOK ERROR
{
  "error": "Request failed with status code 404"
}

[2025-09-21T05:40:30.855Z] WEBHOOK EVENT
{
  "id": "WH-2WR32451HC0233532-67976317FL4543714",
  "event_version": "1.0",
  "create_time": "2014-10-23T17:23:52Z",
  "resource_type": "sale",
  "event_type": "PAYMENT.SALE.COMPLETED",
  "summary": "A successful sale payment was made for $ 0.48 USD",
  "resource": {
    "id": "80021663DE681814L",
    "create_time": "2014-10-23T17:22:56Z",
    "update_time": "2014-10-23T17:23:04Z",
    "amount": {
      "total": "0.48",
      "currency": "USD"
    },
    "payment_mode": "ECHECK",
    "state": "completed",
    "protection_eligibility": "ELIGIBLE",
    "protection_eligibility_type": "ITEM_NOT_RECEIVED_ELIGIBLE,UNAUTHORIZED_PAYMENT_ELIGIBLE",
    "clearing_time": "2014-10-30T07:00:00Z",
    "parent_payment": "PAY-1PA12106FU478450MKRETS4A",
    "links": [
      {
        "href": "https://api.paypal.com/v1/payments/sale/80021663DE681814L",
        "rel": "self",
        "method": "GET"
      },
      {
        "href": "https://api.paypal.com/v1/payments/sale/80021663DE681814L/refund",
        "rel": "refund",
        "method": "POST"
      },
      {
        "href": "https://api.paypal.com/v1/payments/payment/PAY-1PA12106FU478450MKRETS4A",
        "rel": "parent_payment",
        "method": "GET"
      }
    ]
  },
  "links": [
    {
      "href": "https://api.paypal.com/v1/notifications/webhooks-events/WH-2WR32451HC0233532-67976317FL4543714",
      "rel": "self",
      "method": "GET"
    },
    {
      "href": "https://api.paypal.com/v1/notifications/webhooks-events/WH-2WR32451HC0233532-67976317FL4543714/resend",
      "rel": "resend",
      "method": "POST"
    }
  ]
}

[2025-09-21T05:40:31.360Z] WEBHOOK ERROR
{
  "error": "Request failed with status code 404"
}

[2025-09-21T05:41:21.266Z] WEBHOOK EVENT
{
  "id": "WH-2WR32451HC0233532-67976317FL4543714",
  "event_version": "1.0",
  "create_time": "2014-10-23T17:23:52Z",
  "resource_type": "sale",
  "event_type": "PAYMENT.SALE.COMPLETED",
  "summary": "A successful sale payment was made for $ 0.48 USD",
  "resource": {
    "id": "80021663DE681814L",
    "create_time": "2014-10-23T17:22:56Z",
    "update_time": "2014-10-23T17:23:04Z",
    "amount": {
      "total": "0.48",
      "currency": "USD"
    },
    "payment_mode": "ECHECK",
    "state": "completed",
    "protection_eligibility": "ELIGIBLE",
    "protection_eligibility_type": "ITEM_NOT_RECEIVED_ELIGIBLE,UNAUTHORIZED_PAYMENT_ELIGIBLE",
    "clearing_time": "2014-10-30T07:00:00Z",
    "parent_payment": "PAY-1PA12106FU478450MKRETS4A",
    "links": [
      {
        "href": "https://api.paypal.com/v1/payments/sale/80021663DE681814L",
        "rel": "self",
        "method": "GET"
      },
      {
        "href": "https://api.paypal.com/v1/payments/sale/80021663DE681814L/refund",
        "rel": "refund",
        "method": "POST"
      },
      {
        "href": "https://api.paypal.com/v1/payments/payment/PAY-1PA12106FU478450MKRETS4A",
        "rel": "parent_payment",
        "method": "GET"
      }
    ]
  },
  "links": [
    {
      "href": "https://api.paypal.com/v1/notifications/webhooks-events/WH-2WR32451HC0233532-67976317FL4543714",
      "rel": "self",
      "method": "GET"
    },
    {
      "href": "https://api.paypal.com/v1/notifications/webhooks-events/WH-2WR32451HC0233532-67976317FL4543714/resend",
      "rel": "resend",
      "method": "POST"
    }
  ]
}

[2025-09-21T05:41:22.649Z] WEBHOOK ERROR
{
  "error": "Request failed with status code 404"
}

[2025-09-21T05:44:23.233Z] WEBHOOK EVENT
{
  "id": "WH-2WR32451HC0233532-67976317FL4543714",
  "event_version": "1.0",
  "create_time": "2014-10-23T17:23:52Z",
  "resource_type": "sale",
  "event_type": "PAYMENT.SALE.COMPLETED",
  "summary": "A successful sale payment was made for $ 0.48 USD",
  "resource": {
    "id": "80021663DE681814L",
    "create_time": "2014-10-23T17:22:56Z",
    "update_time": "2014-10-23T17:23:04Z",
    "amount": {
      "total": "0.48",
      "currency": "USD"
    },
    "payment_mode": "ECHECK",
    "state": "completed",
    "protection_eligibility": "ELIGIBLE",
    "protection_eligibility_type": "ITEM_NOT_RECEIVED_ELIGIBLE,UNAUTHORIZED_PAYMENT_ELIGIBLE",
    "clearing_time": "2014-10-30T07:00:00Z",
    "parent_payment": "PAY-1PA12106FU478450MKRETS4A",
    "links": [
      {
        "href": "https://api.paypal.com/v1/payments/sale/80021663DE681814L",
        "rel": "self",
        "method": "GET"
      },
      {
        "href": "https://api.paypal.com/v1/payments/sale/80021663DE681814L/refund",
        "rel": "refund",
        "method": "POST"
      },
      {
        "href": "https://api.paypal.com/v1/payments/payment/PAY-1PA12106FU478450MKRETS4A",
        "rel": "parent_payment",
        "method": "GET"
      }
    ]
  },
  "links": [
    {
      "href": "https://api.paypal.com/v1/notifications/webhooks-events/WH-2WR32451HC0233532-67976317FL4543714",
      "rel": "self",
      "method": "GET"
    },
    {
      "href": "https://api.paypal.com/v1/notifications/webhooks-events/WH-2WR32451HC0233532-67976317FL4543714/resend",
      "rel": "resend",
      "method": "POST"
    }
  ]
}

[2025-09-21T05:44:24.730Z] WEBHOOK ERROR
{
  "error": "Request failed with status code 404"
}

[2025-09-21T05:45:07.700Z] WEBHOOK EVENT
{
  "id": "WH-2WR32451HC0233532-67976317FL4543714",
  "event_version": "1.0",
  "create_time": "2014-10-23T17:23:52Z",
  "resource_type": "sale",
  "event_type": "PAYMENT.SALE.COMPLETED",
  "summary": "A successful sale payment was made for $ 0.48 USD",
  "resource": {
    "id": "80021663DE681814L",
    "create_time": "2014-10-23T17:22:56Z",
    "update_time": "2014-10-23T17:23:04Z",
    "amount": {
      "total": "0.48",
      "currency": "USD"
    },
    "payment_mode": "ECHECK",
    "state": "completed",
    "protection_eligibility": "ELIGIBLE",
    "protection_eligibility_type": "ITEM_NOT_RECEIVED_ELIGIBLE,UNAUTHORIZED_PAYMENT_ELIGIBLE",
    "clearing_time": "2014-10-30T07:00:00Z",
    "parent_payment": "PAY-1PA12106FU478450MKRETS4A",
    "links": [
      {
        "href": "https://api.paypal.com/v1/payments/sale/80021663DE681814L",
        "rel": "self",
        "method": "GET"
      },
      {
        "href": "https://api.paypal.com/v1/payments/sale/80021663DE681814L/refund",
        "rel": "refund",
        "method": "POST"
      },
      {
        "href": "https://api.paypal.com/v1/payments/payment/PAY-1PA12106FU478450MKRETS4A",
        "rel": "parent_payment",
        "method": "GET"
      }
    ]
  },
  "links": [
    {
      "href": "https://api.paypal.com/v1/notifications/webhooks-events/WH-2WR32451HC0233532-67976317FL4543714",
      "rel": "self",
      "method": "GET"
    },
    {
      "href": "https://api.paypal.com/v1/notifications/webhooks-events/WH-2WR32451HC0233532-67976317FL4543714/resend",
      "rel": "resend",
      "method": "POST"
    }
  ]
}

[2025-09-21T05:45:25.432Z] WEBHOOK ERROR
{
  "error": "Request failed with status code 404"
}

[2025-09-21T05:45:34.904Z] WEBHOOK EVENT
{
  "id": "WH-2WR32451HC0233532-67976317FL4543714",
  "event_version": "1.0",
  "create_time": "2014-10-23T17:23:52Z",
  "resource_type": "sale",
  "event_type": "PAYMENT.SALE.COMPLETED",
  "summary": "A successful sale payment was made for $ 0.48 USD",
  "resource": {
    "id": "80021663DE681814L",
    "create_time": "2014-10-23T17:22:56Z",
    "update_time": "2014-10-23T17:23:04Z",
    "amount": {
      "total": "0.48",
      "currency": "USD"
    },
    "payment_mode": "ECHECK",
    "state": "completed",
    "protection_eligibility": "ELIGIBLE",
    "protection_eligibility_type": "ITEM_NOT_RECEIVED_ELIGIBLE,UNAUTHORIZED_PAYMENT_ELIGIBLE",
    "clearing_time": "2014-10-30T07:00:00Z",
    "parent_payment": "PAY-1PA12106FU478450MKRETS4A",
    "links": [
      {
        "href": "https://api.paypal.com/v1/payments/sale/80021663DE681814L",
        "rel": "self",
        "method": "GET"
      },
      {
        "href": "https://api.paypal.com/v1/payments/sale/80021663DE681814L/refund",
        "rel": "refund",
        "method": "POST"
      },
      {
        "href": "https://api.paypal.com/v1/payments/payment/PAY-1PA12106FU478450MKRETS4A",
        "rel": "parent_payment",
        "method": "GET"
      }
    ]
  },
  "links": [
    {
      "href": "https://api.paypal.com/v1/notifications/webhooks-events/WH-2WR32451HC0233532-67976317FL4543714",
      "rel": "self",
      "method": "GET"
    },
    {
      "href": "https://api.paypal.com/v1/notifications/webhooks-events/WH-2WR32451HC0233532-67976317FL4543714/resend",
      "rel": "resend",
      "method": "POST"
    }
  ]
}

[2025-09-21T05:45:47.087Z] WEBHOOK ERROR
{
  "error": "Request failed with status code 404"
}

